{"timestamp":"2026-01-15T04:05:48.070458Z","level":"info","event":"DAG bundles loaded: dags-folder, example_dags","logger":"airflow.dag_processing.bundles.manager.DagBundlesManager","filename":"manager.py","lineno":179}
{"timestamp":"2026-01-15T04:05:48.071874Z","level":"info","event":"Filling up the DagBag from /opt/airflow/dags/pdf_to_csv.py","logger":"airflow.models.dagbag.DagBag","filename":"dagbag.py","lineno":593}
{"timestamp":"2026-01-15T04:05:48.114713Z","level":"info","event":"Task instance is in running state","logger":"task.stdout"}
{"timestamp":"2026-01-15T04:05:48.115177Z","level":"info","event":" Previous state of the Task instance: TaskInstanceState.QUEUED","logger":"task.stdout"}
{"timestamp":"2026-01-15T04:05:48.115387Z","level":"info","event":"Current task name:extract_pdf","logger":"task.stdout"}
{"timestamp":"2026-01-15T04:05:48.115541Z","level":"info","event":"Dag name:pdf_to_csv_pipeline","logger":"task.stdout"}
{"timestamp":"2026-01-15T04:05:49.497302Z","level":"info","event":"Nien-giam-Thong-ke-2014.pdf - scanning page 31","logger":"task.stdout"}
{"timestamp":"2026-01-15T04:05:50.007230Z","level":"info","event":"Nien-giam-Thong-ke-2014.pdf - scanning page 32","logger":"task.stdout"}
{"timestamp":"2026-01-15T04:05:50.187653Z","level":"info","event":"Nien-giam-Thong-ke-2014.pdf - scanning page 33","logger":"task.stdout"}
{"timestamp":"2026-01-15T04:05:50.318207Z","level":"info","event":"Nien-giam-Thong-ke-2014.pdf - scanning page 34","logger":"task.stdout"}
{"timestamp":"2026-01-15T04:05:50.367589Z","level":"info","event":"Nien-giam-Thong-ke-2014.pdf - scanning page 35","logger":"task.stdout"}
{"timestamp":"2026-01-15T04:05:50.429208Z","level":"info","event":"Nien-giam-Thong-ke-2014.pdf - scanning page 36","logger":"task.stdout"}
{"timestamp":"2026-01-15T04:05:50.554668Z","level":"info","event":"Nien-giam-Thong-ke-2014.pdf - scanning page 37","logger":"task.stdout"}
{"timestamp":"2026-01-15T04:05:52.425103Z","level":"info","event":"Nien-giam-Thong-ke-2015.pdf - scanning page 31","logger":"task.stdout"}
{"timestamp":"2026-01-15T04:05:52.533537Z","level":"info","event":"Nien-giam-Thong-ke-2015.pdf - scanning page 32","logger":"task.stdout"}
{"timestamp":"2026-01-15T04:05:52.618050Z","level":"info","event":"Nien-giam-Thong-ke-2015.pdf - scanning page 33","logger":"task.stdout"}
{"timestamp":"2026-01-15T04:05:52.672010Z","level":"info","event":"Nien-giam-Thong-ke-2015.pdf - scanning page 34","logger":"task.stdout"}
{"timestamp":"2026-01-15T04:05:53.020892Z","level":"info","event":"Nien-giam-Thong-ke-2015.pdf - scanning page 35","logger":"task.stdout"}
{"timestamp":"2026-01-15T04:05:53.151318Z","level":"info","event":"Nien-giam-Thong-ke-2015.pdf - scanning page 36","logger":"task.stdout"}
{"timestamp":"2026-01-15T04:05:53.299527Z","level":"info","event":"Nien-giam-Thong-ke-2015.pdf - scanning page 37","logger":"task.stdout"}
{"timestamp":"2026-01-15T04:05:53.425702Z","level":"info","event":"Nien-giam-Thong-ke-2015.pdf - scanning page 38","logger":"task.stdout"}
{"timestamp":"2026-01-15T04:05:53.536148Z","level":"info","event":"Nien-giam-Thong-ke-2015.pdf - scanning page 39","logger":"task.stdout"}
{"timestamp":"2026-01-15T04:05:53.644394Z","level":"info","event":"Nien-giam-Thong-ke-2015.pdf - scanning page 40","logger":"task.stdout"}
{"timestamp":"2026-01-15T04:05:53.752997Z","level":"info","event":"Nien-giam-Thong-ke-2015.pdf - scanning page 41","logger":"task.stdout"}
{"timestamp":"2026-01-15T04:05:53.859382Z","level":"info","event":"Nien-giam-Thong-ke-2015.pdf - scanning page 42","logger":"task.stdout"}
{"timestamp":"2026-01-15T04:05:53.956886Z","level":"info","event":"Nien-giam-Thong-ke-2015.pdf - scanning page 43","logger":"task.stdout"}
{"timestamp":"2026-01-15T04:05:54.053942Z","level":"info","event":"Nien-giam-Thong-ke-2015.pdf - scanning page 44","logger":"task.stdout"}
{"timestamp":"2026-01-15T04:05:54.112149Z","level":"info","event":"Nien-giam-Thong-ke-2015.pdf - scanning page 45","logger":"task.stdout"}
{"timestamp":"2026-01-15T04:05:54.213570Z","level":"info","event":"Nien-giam-Thong-ke-2015.pdf - scanning page 46","logger":"task.stdout"}
{"timestamp":"2026-01-15T04:05:54.279662Z","level":"info","event":"Nien-giam-Thong-ke-2015.pdf - scanning page 47","logger":"task.stdout"}
{"timestamp":"2026-01-15T04:05:54.394901Z","level":"info","event":"Nien-giam-Thong-ke-2015.pdf - scanning page 48","logger":"task.stdout"}
{"timestamp":"2026-01-15T04:05:54.462883Z","level":"info","event":"Nien-giam-Thong-ke-2015.pdf - scanning page 49","logger":"task.stdout"}
{"timestamp":"2026-01-15T04:05:54.515866Z","level":"info","event":"Nien-giam-Thong-ke-2015.pdf - scanning page 50","logger":"task.stdout"}
{"timestamp":"2026-01-15T04:05:54.752157Z","level":"info","event":"Nien-giam-Thong-ke-2015.pdf - scanning page 51","logger":"task.stdout"}
{"timestamp":"2026-01-15T04:05:54.797778Z","level":"info","event":"Nien-giam-Thong-ke-2015.pdf - scanning page 52","logger":"task.stdout"}
{"timestamp":"2026-01-15T04:05:54.892534Z","level":"info","event":"Nien-giam-Thong-ke-2015.pdf - scanning page 53","logger":"task.stdout"}
{"timestamp":"2026-01-15T04:05:55.042117Z","level":"info","event":"Nien-giam-Thong-ke-2015.pdf - scanning page 54","logger":"task.stdout"}
{"timestamp":"2026-01-15T04:05:55.185442Z","level":"info","event":"Nien-giam-Thong-ke-2015.pdf - scanning page 55","logger":"task.stdout"}
{"timestamp":"2026-01-15T04:05:55.296642Z","level":"info","event":"Nien-giam-Thong-ke-2015.pdf - scanning page 56","logger":"task.stdout"}
{"timestamp":"2026-01-15T04:05:56.944667Z","level":"info","event":"Nien-giam-Thong-ke-2016.pdf - scanning page 31","logger":"task.stdout"}
{"timestamp":"2026-01-15T04:05:57.128210Z","level":"info","event":"Nien-giam-Thong-ke-2016.pdf - scanning page 32","logger":"task.stdout"}
{"timestamp":"2026-01-15T04:05:57.204587Z","level":"info","event":"Nien-giam-Thong-ke-2016.pdf - scanning page 33","logger":"task.stdout"}
{"timestamp":"2026-01-15T04:05:57.275864Z","level":"info","event":"Nien-giam-Thong-ke-2016.pdf - scanning page 34","logger":"task.stdout"}
{"timestamp":"2026-01-15T04:05:57.562565Z","level":"info","event":"Nien-giam-Thong-ke-2016.pdf - scanning page 35","logger":"task.stdout"}
{"timestamp":"2026-01-15T04:05:57.628883Z","level":"info","event":"Nien-giam-Thong-ke-2016.pdf - scanning page 36","logger":"task.stdout"}
{"timestamp":"2026-01-15T04:05:57.678560Z","level":"info","event":"Nien-giam-Thong-ke-2016.pdf - scanning page 37","logger":"task.stdout"}
{"timestamp":"2026-01-15T04:05:57.733844Z","level":"info","event":"Nien-giam-Thong-ke-2016.pdf - scanning page 38","logger":"task.stdout"}
{"timestamp":"2026-01-15T04:05:57.780440Z","level":"info","event":"Nien-giam-Thong-ke-2016.pdf - scanning page 39","logger":"task.stdout"}
{"timestamp":"2026-01-15T04:05:57.854685Z","level":"info","event":"Nien-giam-Thong-ke-2016.pdf - scanning page 40","logger":"task.stdout"}
{"timestamp":"2026-01-15T04:05:57.907995Z","level":"info","event":"Nien-giam-Thong-ke-2016.pdf - scanning page 41","logger":"task.stdout"}
{"timestamp":"2026-01-15T04:05:57.950981Z","level":"info","event":"Nien-giam-Thong-ke-2016.pdf - scanning page 42","logger":"task.stdout"}
{"timestamp":"2026-01-15T04:05:57.977533Z","level":"info","event":"Nien-giam-Thong-ke-2016.pdf - scanning page 43","logger":"task.stdout"}
{"timestamp":"2026-01-15T04:05:58.033020Z","level":"info","event":"Nien-giam-Thong-ke-2016.pdf - scanning page 44","logger":"task.stdout"}
{"timestamp":"2026-01-15T04:05:58.138786Z","level":"info","event":"Nien-giam-Thong-ke-2016.pdf - scanning page 45","logger":"task.stdout"}
{"timestamp":"2026-01-15T04:05:58.208803Z","level":"info","event":"Nien-giam-Thong-ke-2016.pdf - scanning page 46","logger":"task.stdout"}
{"timestamp":"2026-01-15T04:05:58.246796Z","level":"info","event":"Nien-giam-Thong-ke-2016.pdf - scanning page 47","logger":"task.stdout"}
{"timestamp":"2026-01-15T04:05:58.295157Z","level":"info","event":"Nien-giam-Thong-ke-2016.pdf - scanning page 48","logger":"task.stdout"}
{"timestamp":"2026-01-15T04:05:58.474745Z","level":"info","event":"Nien-giam-Thong-ke-2016.pdf - scanning page 49","logger":"task.stdout"}
{"timestamp":"2026-01-15T04:05:58.506509Z","level":"info","event":"Nien-giam-Thong-ke-2016.pdf - scanning page 50","logger":"task.stdout"}
{"timestamp":"2026-01-15T04:05:58.509778Z","level":"info","event":"Nien-giam-Thong-ke-2016.pdf - scanning page 51","logger":"task.stdout"}
{"timestamp":"2026-01-15T04:05:58.570374Z","level":"info","event":"Nien-giam-Thong-ke-2016.pdf - scanning page 52","logger":"task.stdout"}
{"timestamp":"2026-01-15T04:05:58.638673Z","level":"info","event":"Nien-giam-Thong-ke-2016.pdf - scanning page 53","logger":"task.stdout"}
{"timestamp":"2026-01-15T04:05:58.706866Z","level":"info","event":"Nien-giam-Thong-ke-2016.pdf - scanning page 54","logger":"task.stdout"}
{"timestamp":"2026-01-15T04:05:58.746573Z","level":"info","event":"Nien-giam-Thong-ke-2016.pdf - scanning page 55","logger":"task.stdout"}
{"timestamp":"2026-01-15T04:05:58.805628Z","level":"info","event":"Nien-giam-Thong-ke-2016.pdf - scanning page 56","logger":"task.stdout"}
{"timestamp":"2026-01-15T04:05:58.896044Z","level":"info","event":"Nien-giam-Thong-ke-2016.pdf - scanning page 57","logger":"task.stdout"}
{"timestamp":"2026-01-15T04:05:58.977546Z","level":"info","event":"Nien-giam-Thong-ke-2016.pdf - scanning page 58","logger":"task.stdout"}
{"timestamp":"2026-01-15T04:05:59.058267Z","level":"info","event":"Nien-giam-Thong-ke-2016.pdf - scanning page 59","logger":"task.stdout"}
{"timestamp":"2026-01-15T04:05:59.122851Z","level":"info","event":"Nien-giam-Thong-ke-2016.pdf - scanning page 60","logger":"task.stdout"}
{"timestamp":"2026-01-15T04:05:59.170357Z","level":"info","event":"Nien-giam-Thong-ke-2016.pdf - scanning page 61","logger":"task.stdout"}
{"timestamp":"2026-01-15T04:05:59.260968Z","level":"info","event":"Nien-giam-Thong-ke-2016.pdf - scanning page 62","logger":"task.stdout"}
{"timestamp":"2026-01-15T04:05:59.373024Z","level":"info","event":"Nien-giam-Thong-ke-2016.pdf - scanning page 63","logger":"task.stdout"}
{"timestamp":"2026-01-15T04:05:59.466256Z","level":"info","event":"Nien-giam-Thong-ke-2016.pdf - scanning page 64","logger":"task.stdout"}
{"timestamp":"2026-01-15T04:05:59.556505Z","level":"info","event":"Nien-giam-Thong-ke-2016.pdf - scanning page 65","logger":"task.stdout"}
{"timestamp":"2026-01-15T04:05:59.587131Z","level":"info","event":"Nien-giam-Thong-ke-2016.pdf - scanning page 66","logger":"task.stdout"}
{"timestamp":"2026-01-15T04:05:59.631661Z","level":"info","event":"Nien-giam-Thong-ke-2016.pdf - scanning page 67","logger":"task.stdout"}
{"timestamp":"2026-01-15T04:05:59.866978Z","level":"info","event":"Nien-giam-Thong-ke-2016.pdf - scanning page 68","logger":"task.stdout"}
{"timestamp":"2026-01-15T04:05:59.900075Z","level":"info","event":"Nien-giam-Thong-ke-2016.pdf - scanning page 69","logger":"task.stdout"}
{"timestamp":"2026-01-15T04:05:59.929356Z","level":"info","event":"Nien-giam-Thong-ke-2016.pdf - scanning page 70","logger":"task.stdout"}
{"timestamp":"2026-01-15T04:06:01.733524Z","level":"info","event":"Nien-giam-Thong-ke-2017.pdf - scanning page 31","logger":"task.stdout"}
{"timestamp":"2026-01-15T04:06:01.812811Z","level":"info","event":"Nien-giam-Thong-ke-2017.pdf - scanning page 32","logger":"task.stdout"}
{"timestamp":"2026-01-15T04:06:01.882815Z","level":"info","event":"Nien-giam-Thong-ke-2017.pdf - scanning page 33","logger":"task.stdout"}
{"timestamp":"2026-01-15T04:06:02.053050Z","level":"info","event":"Nien-giam-Thong-ke-2017.pdf - scanning page 34","logger":"task.stdout"}
{"timestamp":"2026-01-15T04:06:02.229520Z","level":"info","event":"Nien-giam-Thong-ke-2017.pdf - scanning page 35","logger":"task.stdout"}
{"timestamp":"2026-01-15T04:06:02.420747Z","level":"info","event":"Nien-giam-Thong-ke-2017.pdf - scanning page 36","logger":"task.stdout"}
{"timestamp":"2026-01-15T04:06:02.615774Z","level":"info","event":"Nien-giam-Thong-ke-2017.pdf - scanning page 37","logger":"task.stdout"}
{"timestamp":"2026-01-15T04:06:02.830063Z","level":"info","event":"Nien-giam-Thong-ke-2017.pdf - scanning page 38","logger":"task.stdout"}
{"timestamp":"2026-01-15T04:06:03.030244Z","level":"info","event":"Nien-giam-Thong-ke-2017.pdf - scanning page 39","logger":"task.stdout"}
{"timestamp":"2026-01-15T04:06:03.271267Z","level":"info","event":"Nien-giam-Thong-ke-2017.pdf - scanning page 40","logger":"task.stdout"}
{"timestamp":"2026-01-15T04:06:03.392011Z","level":"info","event":"Nien-giam-Thong-ke-2017.pdf - scanning page 41","logger":"task.stdout"}
{"timestamp":"2026-01-15T04:06:03.549339Z","level":"info","event":"Nien-giam-Thong-ke-2017.pdf - scanning page 42","logger":"task.stdout"}
{"timestamp":"2026-01-15T04:06:03.619581Z","level":"info","event":"Nien-giam-Thong-ke-2017.pdf - scanning page 43","logger":"task.stdout"}
{"timestamp":"2026-01-15T04:06:04.238303Z","level":"info","event":"Nien-giam-Thong-ke-2017.pdf - scanning page 44","logger":"task.stdout"}
{"timestamp":"2026-01-15T04:06:04.328453Z","level":"info","event":"Nien-giam-Thong-ke-2017.pdf - scanning page 45","logger":"task.stdout"}
{"timestamp":"2026-01-15T04:06:04.394875Z","level":"info","event":"Nien-giam-Thong-ke-2017.pdf - scanning page 46","logger":"task.stdout"}
{"timestamp":"2026-01-15T04:06:04.575214Z","level":"info","event":"Nien-giam-Thong-ke-2017.pdf - scanning page 47","logger":"task.stdout"}
{"timestamp":"2026-01-15T04:06:04.643511Z","level":"info","event":"Nien-giam-Thong-ke-2017.pdf - scanning page 48","logger":"task.stdout"}
{"timestamp":"2026-01-15T04:06:04.787671Z","level":"info","event":"Nien-giam-Thong-ke-2017.pdf - scanning page 49","logger":"task.stdout"}
{"timestamp":"2026-01-15T04:06:05.002306Z","level":"info","event":"Nien-giam-Thong-ke-2017.pdf - scanning page 50","logger":"task.stdout"}
{"timestamp":"2026-01-15T04:06:05.142499Z","level":"info","event":"Nien-giam-Thong-ke-2017.pdf - scanning page 51","logger":"task.stdout"}
{"timestamp":"2026-01-15T04:06:05.326617Z","level":"info","event":"Nien-giam-Thong-ke-2017.pdf - scanning page 52","logger":"task.stdout"}
{"timestamp":"2026-01-15T04:06:07.879341Z","level":"info","event":"Nien-giam-Thong-ke-2018.pdf - scanning page 31","logger":"task.stdout"}
{"timestamp":"2026-01-15T04:06:07.929988Z","level":"info","event":"Nien-giam-Thong-ke-2018.pdf - scanning page 32","logger":"task.stdout"}
{"timestamp":"2026-01-15T04:06:08.080260Z","level":"info","event":"Nien-giam-Thong-ke-2018.pdf - scanning page 33","logger":"task.stdout"}
{"timestamp":"2026-01-15T04:06:11.149097Z","level":"info","event":"Nien-giam-thong-ke-2019.pdf - scanning page 31","logger":"task.stdout"}
{"timestamp":"2026-01-15T04:06:11.233301Z","level":"info","event":"Nien-giam-thong-ke-2019.pdf - scanning page 32","logger":"task.stdout"}
{"timestamp":"2026-01-15T04:06:11.302742Z","level":"info","event":"Nien-giam-thong-ke-2019.pdf - scanning page 33","logger":"task.stdout"}
{"timestamp":"2026-01-15T04:06:11.362558Z","level":"info","event":"Nien-giam-thong-ke-2019.pdf - scanning page 34","logger":"task.stdout"}
{"timestamp":"2026-01-15T04:06:11.431867Z","level":"info","event":"Nien-giam-thong-ke-2019.pdf - scanning page 35","logger":"task.stdout"}
{"timestamp":"2026-01-15T04:06:11.493531Z","level":"info","event":"Nien-giam-thong-ke-2019.pdf - scanning page 36","logger":"task.stdout"}
{"timestamp":"2026-01-15T04:06:11.578585Z","level":"info","event":"Nien-giam-thong-ke-2019.pdf - scanning page 37","logger":"task.stdout"}
{"timestamp":"2026-01-15T04:06:11.869392Z","level":"info","event":"Nien-giam-thong-ke-2019.pdf - scanning page 38","logger":"task.stdout"}
{"timestamp":"2026-01-15T04:06:11.885317Z","level":"info","event":"Nien-giam-thong-ke-2019.pdf - scanning page 39","logger":"task.stdout"}
{"timestamp":"2026-01-15T04:06:11.887515Z","level":"info","event":"Nien-giam-thong-ke-2019.pdf - scanning page 40","logger":"task.stdout"}
{"timestamp":"2026-01-15T04:06:11.888637Z","level":"info","event":"Nien-giam-thong-ke-2019.pdf - scanning page 41","logger":"task.stdout"}
{"timestamp":"2026-01-15T04:06:11.995819Z","level":"info","event":"Nien-giam-thong-ke-2019.pdf - scanning page 42","logger":"task.stdout"}
{"timestamp":"2026-01-15T04:06:13.862838Z","level":"info","event":"Nien-giam-Thong-ke-2020.pdf - scanning page 31","logger":"task.stdout"}
{"timestamp":"2026-01-15T04:06:14.053096Z","level":"info","event":"Nien-giam-Thong-ke-2020.pdf - scanning page 32","logger":"task.stdout"}
{"timestamp":"2026-01-15T04:06:14.119570Z","level":"info","event":"Nien-giam-Thong-ke-2020.pdf - scanning page 33","logger":"task.stdout"}
{"timestamp":"2026-01-15T04:06:14.188580Z","level":"info","event":"Nien-giam-Thong-ke-2020.pdf - scanning page 34","logger":"task.stdout"}
{"timestamp":"2026-01-15T04:06:14.211298Z","level":"info","event":"Nien-giam-Thong-ke-2020.pdf - scanning page 35","logger":"task.stdout"}
{"timestamp":"2026-01-15T04:06:14.643170Z","level":"info","event":"Nien-giam-Thong-ke-2020.pdf - scanning page 36","logger":"task.stdout"}
{"timestamp":"2026-01-15T04:06:14.644972Z","level":"info","event":"Nien-giam-Thong-ke-2020.pdf - scanning page 37","logger":"task.stdout"}
{"timestamp":"2026-01-15T04:06:14.740006Z","level":"info","event":"Nien-giam-Thong-ke-2020.pdf - scanning page 38","logger":"task.stdout"}
{"timestamp":"2026-01-15T04:06:17.210488Z","level":"info","event":"Nien-giam-Thong-ke-2021.pdf - scanning page 31","logger":"task.stdout"}
{"timestamp":"2026-01-15T04:06:17.838930Z","level":"info","event":"Nien-giam-Thong-ke-2021.pdf - scanning page 32","logger":"task.stdout"}
{"timestamp":"2026-01-15T04:06:17.845175Z","level":"info","event":"Nien-giam-Thong-ke-2021.pdf - scanning page 33","logger":"task.stdout"}
{"timestamp":"2026-01-15T04:06:17.934299Z","level":"info","event":"Nien-giam-Thong-ke-2021.pdf - scanning page 34","logger":"task.stdout"}
{"timestamp":"2026-01-15T04:06:20.731662Z","level":"info","event":"Nien-giam-Thong-ke-2022.pdf - scanning page 31","logger":"task.stdout"}
{"timestamp":"2026-01-15T04:06:20.796549Z","level":"info","event":"Nien-giam-Thong-ke-2022.pdf - scanning page 32","logger":"task.stdout"}
{"timestamp":"2026-01-15T04:06:20.867110Z","level":"info","event":"Nien-giam-Thong-ke-2022.pdf - scanning page 33","logger":"task.stdout"}
{"timestamp":"2026-01-15T04:06:20.975687Z","level":"info","event":"Nien-giam-Thong-ke-2022.pdf - scanning page 34","logger":"task.stdout"}
{"timestamp":"2026-01-15T04:06:20.976869Z","level":"info","event":"Nien-giam-Thong-ke-2022.pdf - scanning page 35","logger":"task.stdout"}
{"timestamp":"2026-01-15T04:06:21.064067Z","level":"info","event":"Nien-giam-Thong-ke-2022.pdf - scanning page 36","logger":"task.stdout"}
{"timestamp":"2026-01-15T04:06:22.486456Z","level":"info","event":"Nien-giam-Thong-ke-2023.pdf - scanning page 31","logger":"task.stdout"}
{"timestamp":"2026-01-15T04:06:22.562113Z","level":"info","event":"Nien-giam-Thong-ke-2023.pdf - scanning page 32","logger":"task.stdout"}
{"timestamp":"2026-01-15T04:06:22.636500Z","level":"info","event":"Nien-giam-Thong-ke-2023.pdf - scanning page 33","logger":"task.stdout"}
{"timestamp":"2026-01-15T04:06:22.847756Z","level":"info","event":"Nien-giam-Thong-ke-2023.pdf - scanning page 34","logger":"task.stdout"}
{"timestamp":"2026-01-15T04:06:22.854978Z","level":"info","event":"Nien-giam-Thong-ke-2023.pdf - scanning page 35","logger":"task.stdout"}
{"timestamp":"2026-01-15T04:06:22.980548Z","level":"info","event":"Nien-giam-Thong-ke-2023.pdf - scanning page 36","logger":"task.stdout"}
{"timestamp":"2026-01-15T04:06:25.141592Z","level":"info","event":"Nien-giam-Thong-ke-2024.pdf - scanning page 31","logger":"task.stdout"}
{"timestamp":"2026-01-15T04:06:25.343561Z","level":"info","event":"Nien-giam-Thong-ke-2024.pdf - scanning page 32","logger":"task.stdout"}
{"timestamp":"2026-01-15T04:06:25.344459Z","level":"info","event":"Nien-giam-Thong-ke-2024.pdf - scanning page 33","logger":"task.stdout"}
{"timestamp":"2026-01-15T04:06:25.371925Z","level":"info","event":"Nien-giam-Thong-ke-2024.pdf - scanning page 34","logger":"task.stdout"}
{"timestamp":"2026-01-15T04:06:25.372641Z","level":"info","event":"Nien-giam-Thong-ke-2024.pdf - scanning page 35","logger":"task.stdout"}
{"timestamp":"2026-01-15T04:06:25.473303Z","level":"info","event":"Nien-giam-Thong-ke-2024.pdf - scanning page 36","logger":"task.stdout"}
{"timestamp":"2026-01-15T04:06:25.553954Z","level":"info","event":"Done. Returned value was: None","logger":"airflow.task.operators.airflow.providers.standard.operators.python.PythonOperator","filename":"python.py","lineno":215}
{"timestamp":"2026-01-15T04:06:25.568329Z","level":"info","event":"Task instance in success state","logger":"task.stdout"}
{"timestamp":"2026-01-15T04:06:25.568915Z","level":"info","event":" Previous state of the Task instance: TaskInstanceState.RUNNING","logger":"task.stdout"}
{"timestamp":"2026-01-15T04:06:25.569250Z","level":"info","event":"Task operator:<Task(PythonOperator): extract_pdf>","logger":"task.stdout"}
