{"timestamp":"2026-01-15T11:53:34.846299Z","level":"info","event":"DAG bundles loaded: dags-folder, example_dags","logger":"airflow.dag_processing.bundles.manager.DagBundlesManager","filename":"manager.py","lineno":179}
{"timestamp":"2026-01-15T11:53:34.847748Z","level":"info","event":"Filling up the DagBag from /opt/airflow/dags/pdf_to_csv.py","logger":"airflow.models.dagbag.DagBag","filename":"dagbag.py","lineno":593}
{"timestamp":"2026-01-15T11:53:34.897072Z","level":"info","event":"Task instance is in running state","logger":"task.stdout"}
{"timestamp":"2026-01-15T11:53:34.897584Z","level":"info","event":" Previous state of the Task instance: TaskInstanceState.QUEUED","logger":"task.stdout"}
{"timestamp":"2026-01-15T11:53:34.897753Z","level":"info","event":"Current task name:extract_pdf","logger":"task.stdout"}
{"timestamp":"2026-01-15T11:53:34.897890Z","level":"info","event":"Dag name:pdf_to_csv_pipeline","logger":"task.stdout"}
{"timestamp":"2026-01-15T11:53:36.817380Z","level":"info","event":"Nien-giam-Thong-ke-2014.pdf - scanning page 31","logger":"task.stdout"}
{"timestamp":"2026-01-15T11:53:37.362142Z","level":"info","event":"Nien-giam-Thong-ke-2014.pdf - scanning page 32","logger":"task.stdout"}
{"timestamp":"2026-01-15T11:53:37.578089Z","level":"info","event":"Nien-giam-Thong-ke-2014.pdf - scanning page 33","logger":"task.stdout"}
{"timestamp":"2026-01-15T11:53:37.712310Z","level":"info","event":"Nien-giam-Thong-ke-2014.pdf - scanning page 34","logger":"task.stdout"}
{"timestamp":"2026-01-15T11:53:37.764898Z","level":"info","event":"Nien-giam-Thong-ke-2014.pdf - scanning page 35","logger":"task.stdout"}
{"timestamp":"2026-01-15T11:53:37.831959Z","level":"info","event":"Nien-giam-Thong-ke-2014.pdf - scanning page 36","logger":"task.stdout"}
{"timestamp":"2026-01-15T11:53:37.944961Z","level":"info","event":"Nien-giam-Thong-ke-2014.pdf - scanning page 37","logger":"task.stdout"}
{"timestamp":"2026-01-15T11:53:40.100188Z","level":"info","event":"Nien-giam-Thong-ke-2015.pdf - scanning page 31","logger":"task.stdout"}
{"timestamp":"2026-01-15T11:53:40.230525Z","level":"info","event":"Nien-giam-Thong-ke-2015.pdf - scanning page 32","logger":"task.stdout"}
{"timestamp":"2026-01-15T11:53:40.333733Z","level":"info","event":"Nien-giam-Thong-ke-2015.pdf - scanning page 33","logger":"task.stdout"}
{"timestamp":"2026-01-15T11:53:40.398581Z","level":"info","event":"Nien-giam-Thong-ke-2015.pdf - scanning page 34","logger":"task.stdout"}
{"timestamp":"2026-01-15T11:53:40.668015Z","level":"info","event":"Nien-giam-Thong-ke-2015.pdf - scanning page 35","logger":"task.stdout"}
{"timestamp":"2026-01-15T11:53:40.820627Z","level":"info","event":"Nien-giam-Thong-ke-2015.pdf - scanning page 36","logger":"task.stdout"}
{"timestamp":"2026-01-15T11:53:40.958027Z","level":"info","event":"Nien-giam-Thong-ke-2015.pdf - scanning page 37","logger":"task.stdout"}
{"timestamp":"2026-01-15T11:53:41.118487Z","level":"info","event":"Nien-giam-Thong-ke-2015.pdf - scanning page 38","logger":"task.stdout"}
{"timestamp":"2026-01-15T11:53:41.255342Z","level":"info","event":"Nien-giam-Thong-ke-2015.pdf - scanning page 39","logger":"task.stdout"}
{"timestamp":"2026-01-15T11:53:41.394173Z","level":"info","event":"Nien-giam-Thong-ke-2015.pdf - scanning page 40","logger":"task.stdout"}
{"timestamp":"2026-01-15T11:53:41.537208Z","level":"info","event":"Nien-giam-Thong-ke-2015.pdf - scanning page 41","logger":"task.stdout"}
{"timestamp":"2026-01-15T11:53:41.677660Z","level":"info","event":"Nien-giam-Thong-ke-2015.pdf - scanning page 42","logger":"task.stdout"}
{"timestamp":"2026-01-15T11:53:41.809034Z","level":"info","event":"Nien-giam-Thong-ke-2015.pdf - scanning page 43","logger":"task.stdout"}
{"timestamp":"2026-01-15T11:53:41.947385Z","level":"info","event":"Nien-giam-Thong-ke-2015.pdf - scanning page 44","logger":"task.stdout"}
{"timestamp":"2026-01-15T11:53:42.043280Z","level":"info","event":"Nien-giam-Thong-ke-2015.pdf - scanning page 45","logger":"task.stdout"}
{"timestamp":"2026-01-15T11:53:42.185507Z","level":"info","event":"Nien-giam-Thong-ke-2015.pdf - scanning page 46","logger":"task.stdout"}
{"timestamp":"2026-01-15T11:53:42.277037Z","level":"info","event":"Nien-giam-Thong-ke-2015.pdf - scanning page 47","logger":"task.stdout"}
{"timestamp":"2026-01-15T11:53:42.413804Z","level":"info","event":"Nien-giam-Thong-ke-2015.pdf - scanning page 48","logger":"task.stdout"}
{"timestamp":"2026-01-15T11:53:42.493479Z","level":"info","event":"Nien-giam-Thong-ke-2015.pdf - scanning page 49","logger":"task.stdout"}
{"timestamp":"2026-01-15T11:53:42.561874Z","level":"info","event":"Nien-giam-Thong-ke-2015.pdf - scanning page 50","logger":"task.stdout"}
{"timestamp":"2026-01-15T11:53:42.824071Z","level":"info","event":"Nien-giam-Thong-ke-2015.pdf - scanning page 51","logger":"task.stdout"}
{"timestamp":"2026-01-15T11:53:42.881041Z","level":"info","event":"Nien-giam-Thong-ke-2015.pdf - scanning page 52","logger":"task.stdout"}
{"timestamp":"2026-01-15T11:53:42.992498Z","level":"info","event":"Nien-giam-Thong-ke-2015.pdf - scanning page 53","logger":"task.stdout"}
{"timestamp":"2026-01-15T11:53:43.171964Z","level":"info","event":"Nien-giam-Thong-ke-2015.pdf - scanning page 54","logger":"task.stdout"}
{"timestamp":"2026-01-15T11:53:43.303801Z","level":"info","event":"Nien-giam-Thong-ke-2015.pdf - scanning page 55","logger":"task.stdout"}
{"timestamp":"2026-01-15T11:53:43.419167Z","level":"info","event":"Nien-giam-Thong-ke-2015.pdf - scanning page 56","logger":"task.stdout"}
{"timestamp":"2026-01-15T11:53:45.251786Z","level":"info","event":"Nien-giam-Thong-ke-2016.pdf - scanning page 31","logger":"task.stdout"}
{"timestamp":"2026-01-15T11:53:45.445759Z","level":"info","event":"Nien-giam-Thong-ke-2016.pdf - scanning page 32","logger":"task.stdout"}
{"timestamp":"2026-01-15T11:53:45.530565Z","level":"info","event":"Nien-giam-Thong-ke-2016.pdf - scanning page 33","logger":"task.stdout"}
{"timestamp":"2026-01-15T11:53:45.608882Z","level":"info","event":"Nien-giam-Thong-ke-2016.pdf - scanning page 34","logger":"task.stdout"}
{"timestamp":"2026-01-15T11:53:45.887974Z","level":"info","event":"Nien-giam-Thong-ke-2016.pdf - scanning page 35","logger":"task.stdout"}
{"timestamp":"2026-01-15T11:53:45.956786Z","level":"info","event":"Nien-giam-Thong-ke-2016.pdf - scanning page 36","logger":"task.stdout"}
{"timestamp":"2026-01-15T11:53:46.005177Z","level":"info","event":"Nien-giam-Thong-ke-2016.pdf - scanning page 37","logger":"task.stdout"}
{"timestamp":"2026-01-15T11:53:46.061726Z","level":"info","event":"Nien-giam-Thong-ke-2016.pdf - scanning page 38","logger":"task.stdout"}
{"timestamp":"2026-01-15T11:53:46.112500Z","level":"info","event":"Nien-giam-Thong-ke-2016.pdf - scanning page 39","logger":"task.stdout"}
{"timestamp":"2026-01-15T11:53:46.173921Z","level":"info","event":"Nien-giam-Thong-ke-2016.pdf - scanning page 40","logger":"task.stdout"}
{"timestamp":"2026-01-15T11:53:46.224057Z","level":"info","event":"Nien-giam-Thong-ke-2016.pdf - scanning page 41","logger":"task.stdout"}
{"timestamp":"2026-01-15T11:53:46.266969Z","level":"info","event":"Nien-giam-Thong-ke-2016.pdf - scanning page 42","logger":"task.stdout"}
{"timestamp":"2026-01-15T11:53:46.295520Z","level":"info","event":"Nien-giam-Thong-ke-2016.pdf - scanning page 43","logger":"task.stdout"}
{"timestamp":"2026-01-15T11:53:46.344109Z","level":"info","event":"Nien-giam-Thong-ke-2016.pdf - scanning page 44","logger":"task.stdout"}
{"timestamp":"2026-01-15T11:53:46.447663Z","level":"info","event":"Nien-giam-Thong-ke-2016.pdf - scanning page 45","logger":"task.stdout"}
{"timestamp":"2026-01-15T11:53:46.519474Z","level":"info","event":"Nien-giam-Thong-ke-2016.pdf - scanning page 46","logger":"task.stdout"}
{"timestamp":"2026-01-15T11:53:46.553668Z","level":"info","event":"Nien-giam-Thong-ke-2016.pdf - scanning page 47","logger":"task.stdout"}
{"timestamp":"2026-01-15T11:53:46.593800Z","level":"info","event":"Nien-giam-Thong-ke-2016.pdf - scanning page 48","logger":"task.stdout"}
{"timestamp":"2026-01-15T11:53:46.801950Z","level":"info","event":"Nien-giam-Thong-ke-2016.pdf - scanning page 49","logger":"task.stdout"}
{"timestamp":"2026-01-15T11:53:46.836947Z","level":"info","event":"Nien-giam-Thong-ke-2016.pdf - scanning page 50","logger":"task.stdout"}
{"timestamp":"2026-01-15T11:53:46.840198Z","level":"info","event":"Nien-giam-Thong-ke-2016.pdf - scanning page 51","logger":"task.stdout"}
{"timestamp":"2026-01-15T11:53:46.905091Z","level":"info","event":"Nien-giam-Thong-ke-2016.pdf - scanning page 52","logger":"task.stdout"}
{"timestamp":"2026-01-15T11:53:46.979920Z","level":"info","event":"Nien-giam-Thong-ke-2016.pdf - scanning page 53","logger":"task.stdout"}
{"timestamp":"2026-01-15T11:53:47.053792Z","level":"info","event":"Nien-giam-Thong-ke-2016.pdf - scanning page 54","logger":"task.stdout"}
{"timestamp":"2026-01-15T11:53:47.093204Z","level":"info","event":"Nien-giam-Thong-ke-2016.pdf - scanning page 55","logger":"task.stdout"}
{"timestamp":"2026-01-15T11:53:47.159649Z","level":"info","event":"Nien-giam-Thong-ke-2016.pdf - scanning page 56","logger":"task.stdout"}
{"timestamp":"2026-01-15T11:53:47.255471Z","level":"info","event":"Nien-giam-Thong-ke-2016.pdf - scanning page 57","logger":"task.stdout"}
{"timestamp":"2026-01-15T11:53:47.333917Z","level":"info","event":"Nien-giam-Thong-ke-2016.pdf - scanning page 58","logger":"task.stdout"}
{"timestamp":"2026-01-15T11:53:47.401329Z","level":"info","event":"Nien-giam-Thong-ke-2016.pdf - scanning page 59","logger":"task.stdout"}
{"timestamp":"2026-01-15T11:53:47.474040Z","level":"info","event":"Nien-giam-Thong-ke-2016.pdf - scanning page 60","logger":"task.stdout"}
{"timestamp":"2026-01-15T11:53:47.529026Z","level":"info","event":"Nien-giam-Thong-ke-2016.pdf - scanning page 61","logger":"task.stdout"}
{"timestamp":"2026-01-15T11:53:47.619326Z","level":"info","event":"Nien-giam-Thong-ke-2016.pdf - scanning page 62","logger":"task.stdout"}
{"timestamp":"2026-01-15T11:53:47.725542Z","level":"info","event":"Nien-giam-Thong-ke-2016.pdf - scanning page 63","logger":"task.stdout"}
{"timestamp":"2026-01-15T11:53:47.823133Z","level":"info","event":"Nien-giam-Thong-ke-2016.pdf - scanning page 64","logger":"task.stdout"}
{"timestamp":"2026-01-15T11:53:47.917554Z","level":"info","event":"Nien-giam-Thong-ke-2016.pdf - scanning page 65","logger":"task.stdout"}
{"timestamp":"2026-01-15T11:53:47.947573Z","level":"info","event":"Nien-giam-Thong-ke-2016.pdf - scanning page 66","logger":"task.stdout"}
{"timestamp":"2026-01-15T11:53:47.993177Z","level":"info","event":"Nien-giam-Thong-ke-2016.pdf - scanning page 67","logger":"task.stdout"}
{"timestamp":"2026-01-15T11:53:48.211652Z","level":"info","event":"Nien-giam-Thong-ke-2016.pdf - scanning page 68","logger":"task.stdout"}
{"timestamp":"2026-01-15T11:53:48.251938Z","level":"info","event":"Nien-giam-Thong-ke-2016.pdf - scanning page 69","logger":"task.stdout"}
{"timestamp":"2026-01-15T11:53:48.288220Z","level":"info","event":"Nien-giam-Thong-ke-2016.pdf - scanning page 70","logger":"task.stdout"}
{"timestamp":"2026-01-15T11:53:50.707985Z","level":"info","event":"Nien-giam-Thong-ke-2017.pdf - scanning page 31","logger":"task.stdout"}
{"timestamp":"2026-01-15T11:53:50.799603Z","level":"info","event":"Nien-giam-Thong-ke-2017.pdf - scanning page 32","logger":"task.stdout"}
{"timestamp":"2026-01-15T11:53:50.888372Z","level":"info","event":"Nien-giam-Thong-ke-2017.pdf - scanning page 33","logger":"task.stdout"}
{"timestamp":"2026-01-15T11:53:51.072393Z","level":"info","event":"Nien-giam-Thong-ke-2017.pdf - scanning page 34","logger":"task.stdout"}
{"timestamp":"2026-01-15T11:53:51.264196Z","level":"info","event":"Nien-giam-Thong-ke-2017.pdf - scanning page 35","logger":"task.stdout"}
{"timestamp":"2026-01-15T11:53:51.452761Z","level":"info","event":"Nien-giam-Thong-ke-2017.pdf - scanning page 36","logger":"task.stdout"}
{"timestamp":"2026-01-15T11:53:51.635409Z","level":"info","event":"Nien-giam-Thong-ke-2017.pdf - scanning page 37","logger":"task.stdout"}
{"timestamp":"2026-01-15T11:53:51.835838Z","level":"info","event":"Nien-giam-Thong-ke-2017.pdf - scanning page 38","logger":"task.stdout"}
{"timestamp":"2026-01-15T11:53:52.016231Z","level":"info","event":"Nien-giam-Thong-ke-2017.pdf - scanning page 39","logger":"task.stdout"}
{"timestamp":"2026-01-15T11:53:52.203396Z","level":"info","event":"Nien-giam-Thong-ke-2017.pdf - scanning page 40","logger":"task.stdout"}
{"timestamp":"2026-01-15T11:53:52.279184Z","level":"info","event":"Nien-giam-Thong-ke-2017.pdf - scanning page 41","logger":"task.stdout"}
{"timestamp":"2026-01-15T11:53:52.434492Z","level":"info","event":"Nien-giam-Thong-ke-2017.pdf - scanning page 42","logger":"task.stdout"}
{"timestamp":"2026-01-15T11:53:52.511779Z","level":"info","event":"Nien-giam-Thong-ke-2017.pdf - scanning page 43","logger":"task.stdout"}
{"timestamp":"2026-01-15T11:53:52.970879Z","level":"info","event":"Nien-giam-Thong-ke-2017.pdf - scanning page 44","logger":"task.stdout"}
{"timestamp":"2026-01-15T11:53:53.071420Z","level":"info","event":"Nien-giam-Thong-ke-2017.pdf - scanning page 45","logger":"task.stdout"}
{"timestamp":"2026-01-15T11:53:53.144999Z","level":"info","event":"Nien-giam-Thong-ke-2017.pdf - scanning page 46","logger":"task.stdout"}
{"timestamp":"2026-01-15T11:53:53.300069Z","level":"info","event":"Nien-giam-Thong-ke-2017.pdf - scanning page 47","logger":"task.stdout"}
{"timestamp":"2026-01-15T11:53:53.377201Z","level":"info","event":"Nien-giam-Thong-ke-2017.pdf - scanning page 48","logger":"task.stdout"}
{"timestamp":"2026-01-15T11:53:53.540848Z","level":"info","event":"Nien-giam-Thong-ke-2017.pdf - scanning page 49","logger":"task.stdout"}
{"timestamp":"2026-01-15T11:53:53.793409Z","level":"info","event":"Nien-giam-Thong-ke-2017.pdf - scanning page 50","logger":"task.stdout"}
{"timestamp":"2026-01-15T11:53:53.948347Z","level":"info","event":"Nien-giam-Thong-ke-2017.pdf - scanning page 51","logger":"task.stdout"}
{"timestamp":"2026-01-15T11:53:54.109312Z","level":"info","event":"Nien-giam-Thong-ke-2017.pdf - scanning page 52","logger":"task.stdout"}
{"timestamp":"2026-01-15T11:53:57.782119Z","level":"info","event":"Nien-giam-Thong-ke-2018.pdf - scanning page 31","logger":"task.stdout"}
{"timestamp":"2026-01-15T11:53:57.849184Z","level":"info","event":"Nien-giam-Thong-ke-2018.pdf - scanning page 32","logger":"task.stdout"}
{"timestamp":"2026-01-15T11:53:58.015312Z","level":"info","event":"Nien-giam-Thong-ke-2018.pdf - scanning page 33","logger":"task.stdout"}
{"timestamp":"2026-01-15T11:54:00.992703Z","level":"info","event":"Nien-giam-thong-ke-2019.pdf - scanning page 31","logger":"task.stdout"}
{"timestamp":"2026-01-15T11:54:01.063792Z","level":"info","event":"Nien-giam-thong-ke-2019.pdf - scanning page 32","logger":"task.stdout"}
{"timestamp":"2026-01-15T11:54:01.139202Z","level":"info","event":"Nien-giam-thong-ke-2019.pdf - scanning page 33","logger":"task.stdout"}
{"timestamp":"2026-01-15T11:54:01.198763Z","level":"info","event":"Nien-giam-thong-ke-2019.pdf - scanning page 34","logger":"task.stdout"}
{"timestamp":"2026-01-15T11:54:01.270888Z","level":"info","event":"Nien-giam-thong-ke-2019.pdf - scanning page 35","logger":"task.stdout"}
{"timestamp":"2026-01-15T11:54:01.333580Z","level":"info","event":"Nien-giam-thong-ke-2019.pdf - scanning page 36","logger":"task.stdout"}
{"timestamp":"2026-01-15T11:54:01.414561Z","level":"info","event":"Nien-giam-thong-ke-2019.pdf - scanning page 37","logger":"task.stdout"}
{"timestamp":"2026-01-15T11:54:01.663763Z","level":"info","event":"Nien-giam-thong-ke-2019.pdf - scanning page 38","logger":"task.stdout"}
{"timestamp":"2026-01-15T11:54:01.679631Z","level":"info","event":"Nien-giam-thong-ke-2019.pdf - scanning page 39","logger":"task.stdout"}
{"timestamp":"2026-01-15T11:54:01.681564Z","level":"info","event":"Nien-giam-thong-ke-2019.pdf - scanning page 40","logger":"task.stdout"}
{"timestamp":"2026-01-15T11:54:01.682791Z","level":"info","event":"Nien-giam-thong-ke-2019.pdf - scanning page 41","logger":"task.stdout"}
{"timestamp":"2026-01-15T11:54:01.789471Z","level":"info","event":"Nien-giam-thong-ke-2019.pdf - scanning page 42","logger":"task.stdout"}
{"timestamp":"2026-01-15T11:54:04.265489Z","level":"info","event":"Nien-giam-Thong-ke-2020.pdf - scanning page 31","logger":"task.stdout"}
{"timestamp":"2026-01-15T11:54:04.477922Z","level":"info","event":"Nien-giam-Thong-ke-2020.pdf - scanning page 32","logger":"task.stdout"}
{"timestamp":"2026-01-15T11:54:04.548650Z","level":"info","event":"Nien-giam-Thong-ke-2020.pdf - scanning page 33","logger":"task.stdout"}
{"timestamp":"2026-01-15T11:54:04.610224Z","level":"info","event":"Nien-giam-Thong-ke-2020.pdf - scanning page 34","logger":"task.stdout"}
{"timestamp":"2026-01-15T11:54:04.624745Z","level":"info","event":"Nien-giam-Thong-ke-2020.pdf - scanning page 35","logger":"task.stdout"}
{"timestamp":"2026-01-15T11:54:05.022111Z","level":"info","event":"Nien-giam-Thong-ke-2020.pdf - scanning page 36","logger":"task.stdout"}
{"timestamp":"2026-01-15T11:54:05.025303Z","level":"info","event":"Nien-giam-Thong-ke-2020.pdf - scanning page 37","logger":"task.stdout"}
{"timestamp":"2026-01-15T11:54:05.118380Z","level":"info","event":"Nien-giam-Thong-ke-2020.pdf - scanning page 38","logger":"task.stdout"}
{"timestamp":"2026-01-15T11:54:07.132056Z","level":"info","event":"Nien-giam-Thong-ke-2021.pdf - scanning page 31","logger":"task.stdout"}
{"timestamp":"2026-01-15T11:54:07.727739Z","level":"info","event":"Nien-giam-Thong-ke-2021.pdf - scanning page 32","logger":"task.stdout"}
{"timestamp":"2026-01-15T11:54:07.735088Z","level":"info","event":"Nien-giam-Thong-ke-2021.pdf - scanning page 33","logger":"task.stdout"}
{"timestamp":"2026-01-15T11:54:07.829594Z","level":"info","event":"Nien-giam-Thong-ke-2021.pdf - scanning page 34","logger":"task.stdout"}
{"timestamp":"2026-01-15T11:54:10.717339Z","level":"info","event":"Nien-giam-Thong-ke-2022.pdf - scanning page 31","logger":"task.stdout"}
{"timestamp":"2026-01-15T11:54:10.792603Z","level":"info","event":"Nien-giam-Thong-ke-2022.pdf - scanning page 32","logger":"task.stdout"}
{"timestamp":"2026-01-15T11:54:10.899696Z","level":"info","event":"Nien-giam-Thong-ke-2022.pdf - scanning page 33","logger":"task.stdout"}
{"timestamp":"2026-01-15T11:54:11.029050Z","level":"info","event":"Nien-giam-Thong-ke-2022.pdf - scanning page 34","logger":"task.stdout"}
{"timestamp":"2026-01-15T11:54:11.031316Z","level":"info","event":"Nien-giam-Thong-ke-2022.pdf - scanning page 35","logger":"task.stdout"}
{"timestamp":"2026-01-15T11:54:11.144831Z","level":"info","event":"Nien-giam-Thong-ke-2022.pdf - scanning page 36","logger":"task.stdout"}
{"timestamp":"2026-01-15T11:54:12.768477Z","level":"info","event":"Nien-giam-Thong-ke-2023.pdf - scanning page 31","logger":"task.stdout"}
{"timestamp":"2026-01-15T11:54:12.853556Z","level":"info","event":"Nien-giam-Thong-ke-2023.pdf - scanning page 32","logger":"task.stdout"}
{"timestamp":"2026-01-15T11:54:12.949339Z","level":"info","event":"Nien-giam-Thong-ke-2023.pdf - scanning page 33","logger":"task.stdout"}
{"timestamp":"2026-01-15T11:54:13.180657Z","level":"info","event":"Nien-giam-Thong-ke-2023.pdf - scanning page 34","logger":"task.stdout"}
{"timestamp":"2026-01-15T11:54:13.185516Z","level":"info","event":"Nien-giam-Thong-ke-2023.pdf - scanning page 35","logger":"task.stdout"}
{"timestamp":"2026-01-15T11:54:13.284848Z","level":"info","event":"Nien-giam-Thong-ke-2023.pdf - scanning page 36","logger":"task.stdout"}
{"timestamp":"2026-01-15T11:54:16.341151Z","level":"info","event":"Nien-giam-Thong-ke-2024.pdf - scanning page 31","logger":"task.stdout"}
{"timestamp":"2026-01-15T11:54:16.664010Z","level":"info","event":"Nien-giam-Thong-ke-2024.pdf - scanning page 32","logger":"task.stdout"}
{"timestamp":"2026-01-15T11:54:16.664836Z","level":"info","event":"Nien-giam-Thong-ke-2024.pdf - scanning page 33","logger":"task.stdout"}
{"timestamp":"2026-01-15T11:54:16.697035Z","level":"info","event":"Nien-giam-Thong-ke-2024.pdf - scanning page 34","logger":"task.stdout"}
{"timestamp":"2026-01-15T11:54:16.697906Z","level":"info","event":"Nien-giam-Thong-ke-2024.pdf - scanning page 35","logger":"task.stdout"}
{"timestamp":"2026-01-15T11:54:16.805396Z","level":"info","event":"Nien-giam-Thong-ke-2024.pdf - scanning page 36","logger":"task.stdout"}
{"timestamp":"2026-01-15T11:54:16.897215Z","level":"info","event":"Done. Returned value was: None","logger":"airflow.task.operators.airflow.providers.standard.operators.python.PythonOperator","filename":"python.py","lineno":215}
{"timestamp":"2026-01-15T11:54:16.924062Z","level":"info","event":"Task instance in success state","logger":"task.stdout"}
{"timestamp":"2026-01-15T11:54:16.924541Z","level":"info","event":" Previous state of the Task instance: TaskInstanceState.RUNNING","logger":"task.stdout"}
{"timestamp":"2026-01-15T11:54:16.924885Z","level":"info","event":"Task operator:<Task(PythonOperator): extract_pdf>","logger":"task.stdout"}
