{"timestamp":"2026-01-15T14:31:57.049373Z","level":"info","event":"DAG bundles loaded: dags-folder, example_dags","logger":"airflow.dag_processing.bundles.manager.DagBundlesManager","filename":"manager.py","lineno":179}
{"timestamp":"2026-01-15T14:31:57.050953Z","level":"info","event":"Filling up the DagBag from /opt/airflow/dags/pdf_to_csv.py","logger":"airflow.models.dagbag.DagBag","filename":"dagbag.py","lineno":593}
{"timestamp":"2026-01-15T14:31:57.075791Z","level":"info","event":"Task instance is in running state","logger":"task.stdout"}
{"timestamp":"2026-01-15T14:31:57.076191Z","level":"info","event":" Previous state of the Task instance: TaskInstanceState.QUEUED","logger":"task.stdout"}
{"timestamp":"2026-01-15T14:31:57.076384Z","level":"info","event":"Current task name:merge_pdfs","logger":"task.stdout"}
{"timestamp":"2026-01-15T14:31:57.076571Z","level":"info","event":"Dag name:pdf_merge_extract_pipeline","logger":"task.stdout"}
{"timestamp":"2026-01-15T14:31:57.113929Z","level":"info","event":"📂 Reading PDFs from: /opt/airflow/data/input/using","logger":"task.stdout"}
{"timestamp":"2026-01-15T14:31:57.118777Z","level":"info","event":"➡️  Adding 2014.pdf | pages: 1","logger":"task.stdout"}
{"timestamp":"2026-01-15T14:31:57.125119Z","level":"info","event":"➡️  Adding 2015.pdf | pages: 1","logger":"task.stdout"}
{"timestamp":"2026-01-15T14:31:57.131136Z","level":"info","event":"➡️  Adding 2016.pdf | pages: 1","logger":"task.stdout"}
{"timestamp":"2026-01-15T14:31:57.154732Z","level":"info","event":"➡️  Adding 2017.pdf | pages: 1","logger":"task.stdout"}
{"timestamp":"2026-01-15T14:31:57.162277Z","level":"info","event":"➡️  Adding 2018.pdf | pages: 1","logger":"task.stdout"}
{"timestamp":"2026-01-15T14:31:57.394003Z","level":"info","event":"➡️  Adding 2019.pdf | pages: 1","logger":"task.stdout"}
{"timestamp":"2026-01-15T14:31:57.402891Z","level":"info","event":"➡️  Adding 2020.pdf | pages: 1","logger":"task.stdout"}
{"timestamp":"2026-01-15T14:31:57.455044Z","level":"info","event":"➡️  Adding 2021.pdf | pages: 1","logger":"task.stdout"}
{"timestamp":"2026-01-15T14:31:57.469196Z","level":"info","event":"➡️  Adding 2022.pdf | pages: 1","logger":"task.stdout"}
{"timestamp":"2026-01-15T14:31:57.477016Z","level":"info","event":"➡️  Adding 2023.pdf | pages: 1","logger":"task.stdout"}
{"timestamp":"2026-01-15T14:31:57.485734Z","level":"info","event":"➡️  Adding 2024.pdf | pages: 1","logger":"task.stdout"}
{"timestamp":"2026-01-15T14:31:57.542464Z","level":"info","event":"✅ MERGE DONE","logger":"task.stdout"}
{"timestamp":"2026-01-15T14:31:57.542815Z","level":"info","event":"📄 PDFs merged : 11","logger":"task.stdout"}
{"timestamp":"2026-01-15T14:31:57.543018Z","level":"info","event":"📄 Total pages: 11","logger":"task.stdout"}
{"timestamp":"2026-01-15T14:31:57.543278Z","level":"info","event":"📁 Output file: /opt/airflow/data/merged_2014_2024.pdf","logger":"task.stdout"}
{"timestamp":"2026-01-15T14:31:57.542434Z","level":"info","event":"Done. Returned value was: None","logger":"airflow.task.operators.airflow.providers.standard.operators.python.PythonOperator","filename":"python.py","lineno":215}
{"timestamp":"2026-01-15T14:31:57.556790Z","level":"info","event":"Task instance in success state","logger":"task.stdout"}
{"timestamp":"2026-01-15T14:31:57.557065Z","level":"info","event":" Previous state of the Task instance: TaskInstanceState.RUNNING","logger":"task.stdout"}
{"timestamp":"2026-01-15T14:31:57.557303Z","level":"info","event":"Task operator:<Task(PythonOperator): merge_pdfs>","logger":"task.stdout"}
